<?xml version="1.0" encoding="UTF-8"?>
<testsuite xmlns:xsi="http://www.w3.org/2001/XMLSchema-instance" xsi:noNamespaceSchemaLocation="https://maven.apache.org/surefire/maven-surefire-plugin/xsd/surefire-test-report-3.0.xsd" version="3.0" name="com.tecsup.petclinic.PetClinicApplicationTests" time="0.016" tests="1" errors="0" skipped="0" failures="0">
  <properties>
    <property name="java.specification.version" value="22"/>
    <property name="sun.jnu.encoding" value="UTF-8"/>
    <property name="java.class.path" value="/home/theshepsmt/Projects/petclinic_load_test/target/test-classes:/home/theshepsmt/Projects/petclinic_load_test/target/classes:/home/theshepsmt/.m2/repository/org/springframework/boot/spring-boot-starter-data-jpa/3.1.11/spring-boot-starter-data-jpa-3.1.11.jar:/home/theshepsmt/.m2/repository/org/springframework/boot/spring-boot-starter-aop/3.1.11/spring-boot-starter-aop-3.1.11.jar:/home/theshepsmt/.m2/repository/org/springframework/spring-aop/6.0.19/spring-aop-6.0.19.jar:/home/theshepsmt/.m2/repository/org/aspectj/aspectjweaver/1.9.22/aspectjweaver-1.9.22.jar:/home/theshepsmt/.m2/repository/org/springframework/boot/spring-boot-starter-jdbc/3.1.11/spring-boot-starter-jdbc-3.1.11.jar:/home/theshepsmt/.m2/repository/com/zaxxer/HikariCP/5.0.1/HikariCP-5.0.1.jar:/home/theshepsmt/.m2/repository/org/springframework/spring-jdbc/6.0.19/spring-jdbc-6.0.19.jar:/home/theshepsmt/.m2/repository/org/hibernate/orm/hibernate-core/6.2.24.Final/hibernate-core-6.2.24.Final.jar:/home/theshepsmt/.m2/repository/jakarta/persistence/jakarta.persistence-api/3.1.0/jakarta.persistence-api-3.1.0.jar:/home/theshepsmt/.m2/repository/jakarta/transaction/jakarta.transaction-api/2.0.1/jakarta.transaction-api-2.0.1.jar:/home/theshepsmt/.m2/repository/org/jboss/logging/jboss-logging/3.5.3.Final/jboss-logging-3.5.3.Final.jar:/home/theshepsmt/.m2/repository/org/hibernate/common/hibernate-commons-annotations/6.0.6.Final/hibernate-commons-annotations-6.0.6.Final.jar:/home/theshepsmt/.m2/repository/io/smallrye/jandex/3.0.5/jandex-3.0.5.jar:/home/theshepsmt/.m2/repository/com/fasterxml/classmate/1.5.1/classmate-1.5.1.jar:/home/theshepsmt/.m2/repository/net/bytebuddy/byte-buddy/1.14.13/byte-buddy-1.14.13.jar:/home/theshepsmt/.m2/repository/org/glassfish/jaxb/jaxb-runtime/4.0.5/jaxb-runtime-4.0.5.jar:/home/theshepsmt/.m2/repository/org/glassfish/jaxb/jaxb-core/4.0.5/jaxb-core-4.0.5.jar:/home/theshepsmt/.m2/repository/org/eclipse/angus/angus-activation/2.0.2/angus-activation-2.0.2.jar:/home/theshepsmt/.m2/repository/org/glassfish/jaxb/txw2/4.0.5/txw2-4.0.5.jar:/home/theshepsmt/.m2/repository/com/sun/istack/istack-commons-runtime/4.1.2/istack-commons-runtime-4.1.2.jar:/home/theshepsmt/.m2/repository/jakarta/inject/jakarta.inject-api/2.0.1/jakarta.inject-api-2.0.1.jar:/home/theshepsmt/.m2/repository/org/antlr/antlr4-runtime/4.10.1/antlr4-runtime-4.10.1.jar:/home/theshepsmt/.m2/repository/org/springframework/data/spring-data-jpa/3.1.11/spring-data-jpa-3.1.11.jar:/home/theshepsmt/.m2/repository/org/springframework/data/spring-data-commons/3.1.11/spring-data-commons-3.1.11.jar:/home/theshepsmt/.m2/repository/org/springframework/spring-orm/6.0.19/spring-orm-6.0.19.jar:/home/theshepsmt/.m2/repository/org/springframework/spring-context/6.0.19/spring-context-6.0.19.jar:/home/theshepsmt/.m2/repository/org/springframework/spring-tx/6.0.19/spring-tx-6.0.19.jar:/home/theshepsmt/.m2/repository/org/springframework/spring-beans/6.0.19/spring-beans-6.0.19.jar:/home/theshepsmt/.m2/repository/jakarta/annotation/jakarta.annotation-api/2.1.1/jakarta.annotation-api-2.1.1.jar:/home/theshepsmt/.m2/repository/org/slf4j/slf4j-api/2.0.13/slf4j-api-2.0.13.jar:/home/theshepsmt/.m2/repository/org/springframework/spring-aspects/6.0.19/spring-aspects-6.0.19.jar:/home/theshepsmt/.m2/repository/org/springframework/boot/spring-boot-starter-web/3.1.11/spring-boot-starter-web-3.1.11.jar:/home/theshepsmt/.m2/repository/org/springframework/boot/spring-boot-starter/3.1.11/spring-boot-starter-3.1.11.jar:/home/theshepsmt/.m2/repository/org/springframework/boot/spring-boot-starter-logging/3.1.11/spring-boot-starter-logging-3.1.11.jar:/home/theshepsmt/.m2/repository/ch/qos/logback/logback-classic/1.4.14/logback-classic-1.4.14.jar:/home/theshepsmt/.m2/repository/ch/qos/logback/logback-core/1.4.14/logback-core-1.4.14.jar:/home/theshepsmt/.m2/repository/org/apache/logging/log4j/log4j-to-slf4j/2.20.0/log4j-to-slf4j-2.20.0.jar:/home/theshepsmt/.m2/repository/org/apache/logging/log4j/log4j-api/2.20.0/log4j-api-2.20.0.jar:/home/theshepsmt/.m2/repository/org/slf4j/jul-to-slf4j/2.0.13/jul-to-slf4j-2.0.13.jar:/home/theshepsmt/.m2/repository/org/yaml/snakeyaml/1.33/snakeyaml-1.33.jar:/home/theshepsmt/.m2/repository/org/springframework/boot/spring-boot-starter-json/3.1.11/spring-boot-starter-json-3.1.11.jar:/home/theshepsmt/.m2/repository/com/fasterxml/jackson/core/jackson-databind/2.15.4/jackson-databind-2.15.4.jar:/home/theshepsmt/.m2/repository/com/fasterxml/jackson/core/jackson-core/2.15.4/jackson-core-2.15.4.jar:/home/theshepsmt/.m2/repository/com/fasterxml/jackson/datatype/jackson-datatype-jdk8/2.15.4/jackson-datatype-jdk8-2.15.4.jar:/home/theshepsmt/.m2/repository/com/fasterxml/jackson/datatype/jackson-datatype-jsr310/2.15.4/jackson-datatype-jsr310-2.15.4.jar:/home/theshepsmt/.m2/repository/com/fasterxml/jackson/module/jackson-module-parameter-names/2.15.4/jackson-module-parameter-names-2.15.4.jar:/home/theshepsmt/.m2/repository/org/springframework/boot/spring-boot-starter-tomcat/3.1.11/spring-boot-starter-tomcat-3.1.11.jar:/home/theshepsmt/.m2/repository/org/apache/tomcat/embed/tomcat-embed-core/10.1.20/tomcat-embed-core-10.1.20.jar:/home/theshepsmt/.m2/repository/org/apache/tomcat/embed/tomcat-embed-el/10.1.20/tomcat-embed-el-10.1.20.jar:/home/theshepsmt/.m2/repository/org/apache/tomcat/embed/tomcat-embed-websocket/10.1.20/tomcat-embed-websocket-10.1.20.jar:/home/theshepsmt/.m2/repository/org/springframework/spring-web/6.0.19/spring-web-6.0.19.jar:/home/theshepsmt/.m2/repository/io/micrometer/micrometer-observation/1.11.11/micrometer-observation-1.11.11.jar:/home/theshepsmt/.m2/repository/io/micrometer/micrometer-commons/1.11.11/micrometer-commons-1.11.11.jar:/home/theshepsmt/.m2/repository/org/springframework/spring-webmvc/6.0.19/spring-webmvc-6.0.19.jar:/home/theshepsmt/.m2/repository/org/springframework/spring-expression/6.0.19/spring-expression-6.0.19.jar:/home/theshepsmt/.m2/repository/org/springframework/boot/spring-boot-starter-data-rest/3.1.11/spring-boot-starter-data-rest-3.1.11.jar:/home/theshepsmt/.m2/repository/org/springframework/data/spring-data-rest-webmvc/4.1.11/spring-data-rest-webmvc-4.1.11.jar:/home/theshepsmt/.m2/repository/org/springframework/data/spring-data-rest-core/4.1.11/spring-data-rest-core-4.1.11.jar:/home/theshepsmt/.m2/repository/org/springframework/hateoas/spring-hateoas/2.1.5/spring-hateoas-2.1.5.jar:/home/theshepsmt/.m2/repository/org/springframework/plugin/spring-plugin-core/3.0.0/spring-plugin-core-3.0.0.jar:/home/theshepsmt/.m2/repository/org/atteo/evo-inflector/1.3/evo-inflector-1.3.jar:/home/theshepsmt/.m2/repository/com/fasterxml/jackson/core/jackson-annotations/2.15.4/jackson-annotations-2.15.4.jar:/home/theshepsmt/.m2/repository/com/mysql/mysql-connector-j/8.0.33/mysql-connector-j-8.0.33.jar:/home/theshepsmt/.m2/repository/org/springframework/boot/spring-boot-starter-test/3.1.11/spring-boot-starter-test-3.1.11.jar:/home/theshepsmt/.m2/repository/org/springframework/boot/spring-boot-test/3.1.11/spring-boot-test-3.1.11.jar:/home/theshepsmt/.m2/repository/org/springframework/boot/spring-boot-test-autoconfigure/3.1.11/spring-boot-test-autoconfigure-3.1.11.jar:/home/theshepsmt/.m2/repository/com/jayway/jsonpath/json-path/2.9.0/json-path-2.9.0.jar:/home/theshepsmt/.m2/repository/jakarta/xml/bind/jakarta.xml.bind-api/4.0.2/jakarta.xml.bind-api-4.0.2.jar:/home/theshepsmt/.m2/repository/jakarta/activation/jakarta.activation-api/2.1.3/jakarta.activation-api-2.1.3.jar:/home/theshepsmt/.m2/repository/net/minidev/json-smart/2.4.11/json-smart-2.4.11.jar:/home/theshepsmt/.m2/repository/net/minidev/accessors-smart/2.4.11/accessors-smart-2.4.11.jar:/home/theshepsmt/.m2/repository/org/ow2/asm/asm/9.3/asm-9.3.jar:/home/theshepsmt/.m2/repository/org/assertj/assertj-core/3.24.2/assertj-core-3.24.2.jar:/home/theshepsmt/.m2/repository/org/hamcrest/hamcrest/2.2/hamcrest-2.2.jar:/home/theshepsmt/.m2/repository/org/junit/jupiter/junit-jupiter/5.9.3/junit-jupiter-5.9.3.jar:/home/theshepsmt/.m2/repository/org/junit/jupiter/junit-jupiter-api/5.9.3/junit-jupiter-api-5.9.3.jar:/home/theshepsmt/.m2/repository/org/opentest4j/opentest4j/1.2.0/opentest4j-1.2.0.jar:/home/theshepsmt/.m2/repository/org/junit/platform/junit-platform-commons/1.9.3/junit-platform-commons-1.9.3.jar:/home/theshepsmt/.m2/repository/org/apiguardian/apiguardian-api/1.1.2/apiguardian-api-1.1.2.jar:/home/theshepsmt/.m2/repository/org/junit/jupiter/junit-jupiter-params/5.9.3/junit-jupiter-params-5.9.3.jar:/home/theshepsmt/.m2/repository/org/junit/jupiter/junit-jupiter-engine/5.9.3/junit-jupiter-engine-5.9.3.jar:/home/theshepsmt/.m2/repository/org/junit/platform/junit-platform-engine/1.9.3/junit-platform-engine-1.9.3.jar:/home/theshepsmt/.m2/repository/org/mockito/mockito-core/5.3.1/mockito-core-5.3.1.jar:/home/theshepsmt/.m2/repository/net/bytebuddy/byte-buddy-agent/1.14.13/byte-buddy-agent-1.14.13.jar:/home/theshepsmt/.m2/repository/org/objenesis/objenesis/3.3/objenesis-3.3.jar:/home/theshepsmt/.m2/repository/org/mockito/mockito-junit-jupiter/5.3.1/mockito-junit-jupiter-5.3.1.jar:/home/theshepsmt/.m2/repository/org/skyscreamer/jsonassert/1.5.1/jsonassert-1.5.1.jar:/home/theshepsmt/.m2/repository/com/vaadin/external/google/android-json/0.0.20131108.vaadin1/android-json-0.0.20131108.vaadin1.jar:/home/theshepsmt/.m2/repository/org/springframework/spring-core/6.0.19/spring-core-6.0.19.jar:/home/theshepsmt/.m2/repository/org/springframework/spring-jcl/6.0.19/spring-jcl-6.0.19.jar:/home/theshepsmt/.m2/repository/org/springframework/spring-test/6.0.19/spring-test-6.0.19.jar:/home/theshepsmt/.m2/repository/org/xmlunit/xmlunit-core/2.9.1/xmlunit-core-2.9.1.jar:/home/theshepsmt/.m2/repository/org/springframework/boot/spring-boot-devtools/3.1.11/spring-boot-devtools-3.1.11.jar:/home/theshepsmt/.m2/repository/org/springframework/boot/spring-boot/3.1.11/spring-boot-3.1.11.jar:/home/theshepsmt/.m2/repository/org/springframework/boot/spring-boot-autoconfigure/3.1.11/spring-boot-autoconfigure-3.1.11.jar:/home/theshepsmt/.m2/repository/org/projectlombok/lombok/1.18.32/lombok-1.18.32.jar:/home/theshepsmt/.m2/repository/org/mapstruct/mapstruct/1.5.5.Final/mapstruct-1.5.5.Final.jar:/home/theshepsmt/.m2/repository/io/rest-assured/spring-mock-mvc/5.3.2/spring-mock-mvc-5.3.2.jar:/home/theshepsmt/.m2/repository/io/rest-assured/rest-assured/5.3.2/rest-assured-5.3.2.jar:/home/theshepsmt/.m2/repository/org/apache/groovy/groovy/4.0.21/groovy-4.0.21.jar:/home/theshepsmt/.m2/repository/org/apache/groovy/groovy-xml/4.0.21/groovy-xml-4.0.21.jar:/home/theshepsmt/.m2/repository/org/apache/httpcomponents/httpclient/4.5.13/httpclient-4.5.13.jar:/home/theshepsmt/.m2/repository/org/apache/httpcomponents/httpcore/4.4.16/httpcore-4.4.16.jar:/home/theshepsmt/.m2/repository/commons-codec/commons-codec/1.15/commons-codec-1.15.jar:/home/theshepsmt/.m2/repository/org/apache/httpcomponents/httpmime/4.5.13/httpmime-4.5.13.jar:/home/theshepsmt/.m2/repository/org/ccil/cowan/tagsoup/tagsoup/1.2.1/tagsoup-1.2.1.jar:/home/theshepsmt/.m2/repository/io/rest-assured/json-path/5.3.2/json-path-5.3.2.jar:/home/theshepsmt/.m2/repository/org/apache/groovy/groovy-json/4.0.21/groovy-json-4.0.21.jar:/home/theshepsmt/.m2/repository/io/rest-assured/rest-assured-common/5.3.2/rest-assured-common-5.3.2.jar:/home/theshepsmt/.m2/repository/io/rest-assured/xml-path/5.3.2/xml-path-5.3.2.jar:/home/theshepsmt/.m2/repository/org/apache/commons/commons-lang3/3.12.0/commons-lang3-3.12.0.jar:/home/theshepsmt/.m2/repository/io/rest-assured/spring-commons/5.3.2/spring-commons-5.3.2.jar:/home/theshepsmt/.m2/repository/com/h2database/h2/2.1.214/h2-2.1.214.jar:"/>
    <property name="java.vm.vendor" value="Oracle Corporation"/>
    <property name="sun.arch.data.model" value="64"/>
    <property name="java.vendor.url" value="https://java.oracle.com/"/>
    <property name="user.timezone" value="America/Lima"/>
    <property name="org.jboss.logging.provider" value="slf4j"/>
    <property name="os.name" value="Linux"/>
    <property name="java.vm.specification.version" value="22"/>
    <property name="user.country" value="PE"/>
    <property name="sun.java.launcher" value="SUN_STANDARD"/>
    <property name="sun.boot.library.path" value="/home/theshepsmt/.jdks/openjdk-22.0.2/lib"/>
    <property name="sun.java.command" value="/home/theshepsmt/Projects/petclinic_load_test/target/surefire/surefirebooter-20241204155736001_3.jar /home/theshepsmt/Projects/petclinic_load_test/target/surefire 2024-12-04T15-57-35_352-jvmRun1 surefire-20241204155736001_1tmp surefire_0-20241204155736001_2tmp"/>
    <property name="jdk.debug" value="release"/>
    <property name="surefire.test.class.path" value="/home/theshepsmt/Projects/petclinic_load_test/target/test-classes:/home/theshepsmt/Projects/petclinic_load_test/target/classes:/home/theshepsmt/.m2/repository/org/springframework/boot/spring-boot-starter-data-jpa/3.1.11/spring-boot-starter-data-jpa-3.1.11.jar:/home/theshepsmt/.m2/repository/org/springframework/boot/spring-boot-starter-aop/3.1.11/spring-boot-starter-aop-3.1.11.jar:/home/theshepsmt/.m2/repository/org/springframework/spring-aop/6.0.19/spring-aop-6.0.19.jar:/home/theshepsmt/.m2/repository/org/aspectj/aspectjweaver/1.9.22/aspectjweaver-1.9.22.jar:/home/theshepsmt/.m2/repository/org/springframework/boot/spring-boot-starter-jdbc/3.1.11/spring-boot-starter-jdbc-3.1.11.jar:/home/theshepsmt/.m2/repository/com/zaxxer/HikariCP/5.0.1/HikariCP-5.0.1.jar:/home/theshepsmt/.m2/repository/org/springframework/spring-jdbc/6.0.19/spring-jdbc-6.0.19.jar:/home/theshepsmt/.m2/repository/org/hibernate/orm/hibernate-core/6.2.24.Final/hibernate-core-6.2.24.Final.jar:/home/theshepsmt/.m2/repository/jakarta/persistence/jakarta.persistence-api/3.1.0/jakarta.persistence-api-3.1.0.jar:/home/theshepsmt/.m2/repository/jakarta/transaction/jakarta.transaction-api/2.0.1/jakarta.transaction-api-2.0.1.jar:/home/theshepsmt/.m2/repository/org/jboss/logging/jboss-logging/3.5.3.Final/jboss-logging-3.5.3.Final.jar:/home/theshepsmt/.m2/repository/org/hibernate/common/hibernate-commons-annotations/6.0.6.Final/hibernate-commons-annotations-6.0.6.Final.jar:/home/theshepsmt/.m2/repository/io/smallrye/jandex/3.0.5/jandex-3.0.5.jar:/home/theshepsmt/.m2/repository/com/fasterxml/classmate/1.5.1/classmate-1.5.1.jar:/home/theshepsmt/.m2/repository/net/bytebuddy/byte-buddy/1.14.13/byte-buddy-1.14.13.jar:/home/theshepsmt/.m2/repository/org/glassfish/jaxb/jaxb-runtime/4.0.5/jaxb-runtime-4.0.5.jar:/home/theshepsmt/.m2/repository/org/glassfish/jaxb/jaxb-core/4.0.5/jaxb-core-4.0.5.jar:/home/theshepsmt/.m2/repository/org/eclipse/angus/angus-activation/2.0.2/angus-activation-2.0.2.jar:/home/theshepsmt/.m2/repository/org/glassfish/jaxb/txw2/4.0.5/txw2-4.0.5.jar:/home/theshepsmt/.m2/repository/com/sun/istack/istack-commons-runtime/4.1.2/istack-commons-runtime-4.1.2.jar:/home/theshepsmt/.m2/repository/jakarta/inject/jakarta.inject-api/2.0.1/jakarta.inject-api-2.0.1.jar:/home/theshepsmt/.m2/repository/org/antlr/antlr4-runtime/4.10.1/antlr4-runtime-4.10.1.jar:/home/theshepsmt/.m2/repository/org/springframework/data/spring-data-jpa/3.1.11/spring-data-jpa-3.1.11.jar:/home/theshepsmt/.m2/repository/org/springframework/data/spring-data-commons/3.1.11/spring-data-commons-3.1.11.jar:/home/theshepsmt/.m2/repository/org/springframework/spring-orm/6.0.19/spring-orm-6.0.19.jar:/home/theshepsmt/.m2/repository/org/springframework/spring-context/6.0.19/spring-context-6.0.19.jar:/home/theshepsmt/.m2/repository/org/springframework/spring-tx/6.0.19/spring-tx-6.0.19.jar:/home/theshepsmt/.m2/repository/org/springframework/spring-beans/6.0.19/spring-beans-6.0.19.jar:/home/theshepsmt/.m2/repository/jakarta/annotation/jakarta.annotation-api/2.1.1/jakarta.annotation-api-2.1.1.jar:/home/theshepsmt/.m2/repository/org/slf4j/slf4j-api/2.0.13/slf4j-api-2.0.13.jar:/home/theshepsmt/.m2/repository/org/springframework/spring-aspects/6.0.19/spring-aspects-6.0.19.jar:/home/theshepsmt/.m2/repository/org/springframework/boot/spring-boot-starter-web/3.1.11/spring-boot-starter-web-3.1.11.jar:/home/theshepsmt/.m2/repository/org/springframework/boot/spring-boot-starter/3.1.11/spring-boot-starter-3.1.11.jar:/home/theshepsmt/.m2/repository/org/springframework/boot/spring-boot-starter-logging/3.1.11/spring-boot-starter-logging-3.1.11.jar:/home/theshepsmt/.m2/repository/ch/qos/logback/logback-classic/1.4.14/logback-classic-1.4.14.jar:/home/theshepsmt/.m2/repository/ch/qos/logback/logback-core/1.4.14/logback-core-1.4.14.jar:/home/theshepsmt/.m2/repository/org/apache/logging/log4j/log4j-to-slf4j/2.20.0/log4j-to-slf4j-2.20.0.jar:/home/theshepsmt/.m2/repository/org/apache/logging/log4j/log4j-api/2.20.0/log4j-api-2.20.0.jar:/home/theshepsmt/.m2/repository/org/slf4j/jul-to-slf4j/2.0.13/jul-to-slf4j-2.0.13.jar:/home/theshepsmt/.m2/repository/org/yaml/snakeyaml/1.33/snakeyaml-1.33.jar:/home/theshepsmt/.m2/repository/org/springframework/boot/spring-boot-starter-json/3.1.11/spring-boot-starter-json-3.1.11.jar:/home/theshepsmt/.m2/repository/com/fasterxml/jackson/core/jackson-databind/2.15.4/jackson-databind-2.15.4.jar:/home/theshepsmt/.m2/repository/com/fasterxml/jackson/core/jackson-core/2.15.4/jackson-core-2.15.4.jar:/home/theshepsmt/.m2/repository/com/fasterxml/jackson/datatype/jackson-datatype-jdk8/2.15.4/jackson-datatype-jdk8-2.15.4.jar:/home/theshepsmt/.m2/repository/com/fasterxml/jackson/datatype/jackson-datatype-jsr310/2.15.4/jackson-datatype-jsr310-2.15.4.jar:/home/theshepsmt/.m2/repository/com/fasterxml/jackson/module/jackson-module-parameter-names/2.15.4/jackson-module-parameter-names-2.15.4.jar:/home/theshepsmt/.m2/repository/org/springframework/boot/spring-boot-starter-tomcat/3.1.11/spring-boot-starter-tomcat-3.1.11.jar:/home/theshepsmt/.m2/repository/org/apache/tomcat/embed/tomcat-embed-core/10.1.20/tomcat-embed-core-10.1.20.jar:/home/theshepsmt/.m2/repository/org/apache/tomcat/embed/tomcat-embed-el/10.1.20/tomcat-embed-el-10.1.20.jar:/home/theshepsmt/.m2/repository/org/apache/tomcat/embed/tomcat-embed-websocket/10.1.20/tomcat-embed-websocket-10.1.20.jar:/home/theshepsmt/.m2/repository/org/springframework/spring-web/6.0.19/spring-web-6.0.19.jar:/home/theshepsmt/.m2/repository/io/micrometer/micrometer-observation/1.11.11/micrometer-observation-1.11.11.jar:/home/theshepsmt/.m2/repository/io/micrometer/micrometer-commons/1.11.11/micrometer-commons-1.11.11.jar:/home/theshepsmt/.m2/repository/org/springframework/spring-webmvc/6.0.19/spring-webmvc-6.0.19.jar:/home/theshepsmt/.m2/repository/org/springframework/spring-expression/6.0.19/spring-expression-6.0.19.jar:/home/theshepsmt/.m2/repository/org/springframework/boot/spring-boot-starter-data-rest/3.1.11/spring-boot-starter-data-rest-3.1.11.jar:/home/theshepsmt/.m2/repository/org/springframework/data/spring-data-rest-webmvc/4.1.11/spring-data-rest-webmvc-4.1.11.jar:/home/theshepsmt/.m2/repository/org/springframework/data/spring-data-rest-core/4.1.11/spring-data-rest-core-4.1.11.jar:/home/theshepsmt/.m2/repository/org/springframework/hateoas/spring-hateoas/2.1.5/spring-hateoas-2.1.5.jar:/home/theshepsmt/.m2/repository/org/springframework/plugin/spring-plugin-core/3.0.0/spring-plugin-core-3.0.0.jar:/home/theshepsmt/.m2/repository/org/atteo/evo-inflector/1.3/evo-inflector-1.3.jar:/home/theshepsmt/.m2/repository/com/fasterxml/jackson/core/jackson-annotations/2.15.4/jackson-annotations-2.15.4.jar:/home/theshepsmt/.m2/repository/com/mysql/mysql-connector-j/8.0.33/mysql-connector-j-8.0.33.jar:/home/theshepsmt/.m2/repository/org/springframework/boot/spring-boot-starter-test/3.1.11/spring-boot-starter-test-3.1.11.jar:/home/theshepsmt/.m2/repository/org/springframework/boot/spring-boot-test/3.1.11/spring-boot-test-3.1.11.jar:/home/theshepsmt/.m2/repository/org/springframework/boot/spring-boot-test-autoconfigure/3.1.11/spring-boot-test-autoconfigure-3.1.11.jar:/home/theshepsmt/.m2/repository/com/jayway/jsonpath/json-path/2.9.0/json-path-2.9.0.jar:/home/theshepsmt/.m2/repository/jakarta/xml/bind/jakarta.xml.bind-api/4.0.2/jakarta.xml.bind-api-4.0.2.jar:/home/theshepsmt/.m2/repository/jakarta/activation/jakarta.activation-api/2.1.3/jakarta.activation-api-2.1.3.jar:/home/theshepsmt/.m2/repository/net/minidev/json-smart/2.4.11/json-smart-2.4.11.jar:/home/theshepsmt/.m2/repository/net/minidev/accessors-smart/2.4.11/accessors-smart-2.4.11.jar:/home/theshepsmt/.m2/repository/org/ow2/asm/asm/9.3/asm-9.3.jar:/home/theshepsmt/.m2/repository/org/assertj/assertj-core/3.24.2/assertj-core-3.24.2.jar:/home/theshepsmt/.m2/repository/org/hamcrest/hamcrest/2.2/hamcrest-2.2.jar:/home/theshepsmt/.m2/repository/org/junit/jupiter/junit-jupiter/5.9.3/junit-jupiter-5.9.3.jar:/home/theshepsmt/.m2/repository/org/junit/jupiter/junit-jupiter-api/5.9.3/junit-jupiter-api-5.9.3.jar:/home/theshepsmt/.m2/repository/org/opentest4j/opentest4j/1.2.0/opentest4j-1.2.0.jar:/home/theshepsmt/.m2/repository/org/junit/platform/junit-platform-commons/1.9.3/junit-platform-commons-1.9.3.jar:/home/theshepsmt/.m2/repository/org/apiguardian/apiguardian-api/1.1.2/apiguardian-api-1.1.2.jar:/home/theshepsmt/.m2/repository/org/junit/jupiter/junit-jupiter-params/5.9.3/junit-jupiter-params-5.9.3.jar:/home/theshepsmt/.m2/repository/org/junit/jupiter/junit-jupiter-engine/5.9.3/junit-jupiter-engine-5.9.3.jar:/home/theshepsmt/.m2/repository/org/junit/platform/junit-platform-engine/1.9.3/junit-platform-engine-1.9.3.jar:/home/theshepsmt/.m2/repository/org/mockito/mockito-core/5.3.1/mockito-core-5.3.1.jar:/home/theshepsmt/.m2/repository/net/bytebuddy/byte-buddy-agent/1.14.13/byte-buddy-agent-1.14.13.jar:/home/theshepsmt/.m2/repository/org/objenesis/objenesis/3.3/objenesis-3.3.jar:/home/theshepsmt/.m2/repository/org/mockito/mockito-junit-jupiter/5.3.1/mockito-junit-jupiter-5.3.1.jar:/home/theshepsmt/.m2/repository/org/skyscreamer/jsonassert/1.5.1/jsonassert-1.5.1.jar:/home/theshepsmt/.m2/repository/com/vaadin/external/google/android-json/0.0.20131108.vaadin1/android-json-0.0.20131108.vaadin1.jar:/home/theshepsmt/.m2/repository/org/springframework/spring-core/6.0.19/spring-core-6.0.19.jar:/home/theshepsmt/.m2/repository/org/springframework/spring-jcl/6.0.19/spring-jcl-6.0.19.jar:/home/theshepsmt/.m2/repository/org/springframework/spring-test/6.0.19/spring-test-6.0.19.jar:/home/theshepsmt/.m2/repository/org/xmlunit/xmlunit-core/2.9.1/xmlunit-core-2.9.1.jar:/home/theshepsmt/.m2/repository/org/springframework/boot/spring-boot-devtools/3.1.11/spring-boot-devtools-3.1.11.jar:/home/theshepsmt/.m2/repository/org/springframework/boot/spring-boot/3.1.11/spring-boot-3.1.11.jar:/home/theshepsmt/.m2/repository/org/springframework/boot/spring-boot-autoconfigure/3.1.11/spring-boot-autoconfigure-3.1.11.jar:/home/theshepsmt/.m2/repository/org/projectlombok/lombok/1.18.32/lombok-1.18.32.jar:/home/theshepsmt/.m2/repository/org/mapstruct/mapstruct/1.5.5.Final/mapstruct-1.5.5.Final.jar:/home/theshepsmt/.m2/repository/io/rest-assured/spring-mock-mvc/5.3.2/spring-mock-mvc-5.3.2.jar:/home/theshepsmt/.m2/repository/io/rest-assured/rest-assured/5.3.2/rest-assured-5.3.2.jar:/home/theshepsmt/.m2/repository/org/apache/groovy/groovy/4.0.21/groovy-4.0.21.jar:/home/theshepsmt/.m2/repository/org/apache/groovy/groovy-xml/4.0.21/groovy-xml-4.0.21.jar:/home/theshepsmt/.m2/repository/org/apache/httpcomponents/httpclient/4.5.13/httpclient-4.5.13.jar:/home/theshepsmt/.m2/repository/org/apache/httpcomponents/httpcore/4.4.16/httpcore-4.4.16.jar:/home/theshepsmt/.m2/repository/commons-codec/commons-codec/1.15/commons-codec-1.15.jar:/home/theshepsmt/.m2/repository/org/apache/httpcomponents/httpmime/4.5.13/httpmime-4.5.13.jar:/home/theshepsmt/.m2/repository/org/ccil/cowan/tagsoup/tagsoup/1.2.1/tagsoup-1.2.1.jar:/home/theshepsmt/.m2/repository/io/rest-assured/json-path/5.3.2/json-path-5.3.2.jar:/home/theshepsmt/.m2/repository/org/apache/groovy/groovy-json/4.0.21/groovy-json-4.0.21.jar:/home/theshepsmt/.m2/repository/io/rest-assured/rest-assured-common/5.3.2/rest-assured-common-5.3.2.jar:/home/theshepsmt/.m2/repository/io/rest-assured/xml-path/5.3.2/xml-path-5.3.2.jar:/home/theshepsmt/.m2/repository/org/apache/commons/commons-lang3/3.12.0/commons-lang3-3.12.0.jar:/home/theshepsmt/.m2/repository/io/rest-assured/spring-commons/5.3.2/spring-commons-5.3.2.jar:/home/theshepsmt/.m2/repository/com/h2database/h2/2.1.214/h2-2.1.214.jar:"/>
    <property name="sun.cpu.endian" value="little"/>
    <property name="user.home" value="/home/theshepsmt"/>
    <property name="user.language" value="es"/>
    <property name="java.specification.vendor" value="Oracle Corporation"/>
    <property name="java.version.date" value="2024-07-16"/>
    <property name="java.home" value="/home/theshepsmt/.jdks/openjdk-22.0.2"/>
    <property name="file.separator" value="/"/>
    <property name="basedir" value="/home/theshepsmt/Projects/petclinic_load_test"/>
    <property name="java.vm.compressedOopsMode" value="Zero based"/>
    <property name="line.separator" value="&#10;"/>
    <property name="java.vm.specification.vendor" value="Oracle Corporation"/>
    <property name="java.specification.name" value="Java Platform API Specification"/>
    <property name="FILE_LOG_CHARSET" value="UTF-8"/>
    <property name="java.awt.headless" value="true"/>
    <property name="surefire.real.class.path" value="/home/theshepsmt/Projects/petclinic_load_test/target/surefire/surefirebooter-20241204155736001_3.jar"/>
    <property name="sun.management.compiler" value="HotSpot 64-Bit Tiered Compilers"/>
    <property name="java.runtime.version" value="22.0.2+9-70"/>
    <property name="user.name" value="theshepsmt"/>
    <property name="stdout.encoding" value="UTF-8"/>
    <property name="path.separator" value=":"/>
    <property name="os.version" value="6.11.8-200.fc40.x86_64"/>
    <property name="java.runtime.name" value="OpenJDK Runtime Environment"/>
    <property name="file.encoding" value="UTF-8"/>
    <property name="java.vm.name" value="OpenJDK 64-Bit Server VM"/>
    <property name="LOG_FILE" value="/home/ubuntu/logs/application.log"/>
    <property name="localRepository" value="/home/theshepsmt/.m2/repository"/>
    <property name="java.vendor.url.bug" value="https://bugreport.java.com/bugreport/"/>
    <property name="java.io.tmpdir" value="/tmp"/>
    <property name="idea.version" value="2024.3"/>
    <property name="com.zaxxer.hikari.pool_number" value="3"/>
    <property name="java.version" value="22.0.2"/>
    <property name="user.dir" value="/home/theshepsmt/Projects/petclinic_load_test"/>
    <property name="os.arch" value="amd64"/>
    <property name="java.vm.specification.name" value="Java Virtual Machine Specification"/>
    <property name="PID" value="200517"/>
    <property name="CONSOLE_LOG_CHARSET" value="UTF-8"/>
    <property name="native.encoding" value="UTF-8"/>
    <property name="java.library.path" value="/usr/java/packages/lib:/usr/lib64:/lib64:/lib:/usr/lib"/>
    <property name="java.vm.info" value="mixed mode, sharing"/>
    <property name="stderr.encoding" value="UTF-8"/>
    <property name="java.vendor" value="Oracle Corporation"/>
    <property name="java.vm.version" value="22.0.2+9-70"/>
    <property name="sun.io.unicode.encoding" value="UnicodeLittle"/>
    <property name="java.class.version" value="66.0"/>
  </properties>
  <testcase name="contextLoads" classname="com.tecsup.petclinic.PetClinicApplicationTests" time="0.004">
    <system-out><![CDATA[&amp#27;[2m2024-12-04T15:57:45.878-05:00&amp#27;[0;39m &amp#27;[32m INFO&amp#27;[0;39m &amp#27;[35m200517&amp#27;[0;39m &amp#27;[2m---&amp#27;[0;39m &amp#27;[2m[           main]&amp#27;[0;39m &amp#27;[36mt.c.s.AnnotationConfigContextLoaderUtils&amp#27;[0;39m &amp#27;[2m:&amp#27;[0;39m Could not detect default configuration classes for test class [com.tecsup.petclinic.PetClinicApplicationTests]: PetClinicApplicationTests does not declare any static, non-private, non-final, nested classes annotated with @Configuration.
&amp#27;[2m2024-12-04T15:57:45.883-05:00&amp#27;[0;39m &amp#27;[32m INFO&amp#27;[0;39m &amp#27;[35m200517&amp#27;[0;39m &amp#27;[2m---&amp#27;[0;39m &amp#27;[2m[           main]&amp#27;[0;39m &amp#27;[36m.b.t.c.SpringBootTestContextBootstrapper&amp#27;[0;39m &amp#27;[2m:&amp#27;[0;39m Found @SpringBootConfiguration com.tecsup.petclinic.PetClinicApplication for test class com.tecsup.petclinic.PetClinicApplicationTests
]]></system-out>
  </testcase>
</testsuite>