<?xml version="1.0" encoding="UTF-8"?>
<testsuite xmlns:xsi="http://www.w3.org/2001/XMLSchema-instance" xsi:noNamespaceSchemaLocation="https://maven.apache.org/surefire/maven-surefire-plugin/xsd/surefire-test-report-3.0.xsd" version="3.0" name="com.tecsup.petclinic.webs.PetControllerMockitoTest" time="1.357" tests="5" errors="0" skipped="0" failures="0">
  <properties>
    <property name="java.specification.version" value="22"/>
    <property name="sun.jnu.encoding" value="UTF-8"/>
    <property name="java.class.path" value="/home/theshepsmt/Projects/petclinic_load_test/target/test-classes:/home/theshepsmt/Projects/petclinic_load_test/target/classes:/home/theshepsmt/.m2/repository/org/springframework/boot/spring-boot-starter-data-jpa/3.1.11/spring-boot-starter-data-jpa-3.1.11.jar:/home/theshepsmt/.m2/repository/org/springframework/boot/spring-boot-starter-aop/3.1.11/spring-boot-starter-aop-3.1.11.jar:/home/theshepsmt/.m2/repository/org/springframework/spring-aop/6.0.19/spring-aop-6.0.19.jar:/home/theshepsmt/.m2/repository/org/aspectj/aspectjweaver/1.9.22/aspectjweaver-1.9.22.jar:/home/theshepsmt/.m2/repository/org/springframework/boot/spring-boot-starter-jdbc/3.1.11/spring-boot-starter-jdbc-3.1.11.jar:/home/theshepsmt/.m2/repository/com/zaxxer/HikariCP/5.0.1/HikariCP-5.0.1.jar:/home/theshepsmt/.m2/repository/org/springframework/spring-jdbc/6.0.19/spring-jdbc-6.0.19.jar:/home/theshepsmt/.m2/repository/org/hibernate/orm/hibernate-core/6.2.24.Final/hibernate-core-6.2.24.Final.jar:/home/theshepsmt/.m2/repository/jakarta/persistence/jakarta.persistence-api/3.1.0/jakarta.persistence-api-3.1.0.jar:/home/theshepsmt/.m2/repository/jakarta/transaction/jakarta.transaction-api/2.0.1/jakarta.transaction-api-2.0.1.jar:/home/theshepsmt/.m2/repository/org/jboss/logging/jboss-logging/3.5.3.Final/jboss-logging-3.5.3.Final.jar:/home/theshepsmt/.m2/repository/org/hibernate/common/hibernate-commons-annotations/6.0.6.Final/hibernate-commons-annotations-6.0.6.Final.jar:/home/theshepsmt/.m2/repository/io/smallrye/jandex/3.0.5/jandex-3.0.5.jar:/home/theshepsmt/.m2/repository/com/fasterxml/classmate/1.5.1/classmate-1.5.1.jar:/home/theshepsmt/.m2/repository/net/bytebuddy/byte-buddy/1.14.13/byte-buddy-1.14.13.jar:/home/theshepsmt/.m2/repository/org/glassfish/jaxb/jaxb-runtime/4.0.5/jaxb-runtime-4.0.5.jar:/home/theshepsmt/.m2/repository/org/glassfish/jaxb/jaxb-core/4.0.5/jaxb-core-4.0.5.jar:/home/theshepsmt/.m2/repository/org/eclipse/angus/angus-activation/2.0.2/angus-activation-2.0.2.jar:/home/theshepsmt/.m2/repository/org/glassfish/jaxb/txw2/4.0.5/txw2-4.0.5.jar:/home/theshepsmt/.m2/repository/com/sun/istack/istack-commons-runtime/4.1.2/istack-commons-runtime-4.1.2.jar:/home/theshepsmt/.m2/repository/jakarta/inject/jakarta.inject-api/2.0.1/jakarta.inject-api-2.0.1.jar:/home/theshepsmt/.m2/repository/org/antlr/antlr4-runtime/4.10.1/antlr4-runtime-4.10.1.jar:/home/theshepsmt/.m2/repository/org/springframework/data/spring-data-jpa/3.1.11/spring-data-jpa-3.1.11.jar:/home/theshepsmt/.m2/repository/org/springframework/data/spring-data-commons/3.1.11/spring-data-commons-3.1.11.jar:/home/theshepsmt/.m2/repository/org/springframework/spring-orm/6.0.19/spring-orm-6.0.19.jar:/home/theshepsmt/.m2/repository/org/springframework/spring-context/6.0.19/spring-context-6.0.19.jar:/home/theshepsmt/.m2/repository/org/springframework/spring-tx/6.0.19/spring-tx-6.0.19.jar:/home/theshepsmt/.m2/repository/org/springframework/spring-beans/6.0.19/spring-beans-6.0.19.jar:/home/theshepsmt/.m2/repository/jakarta/annotation/jakarta.annotation-api/2.1.1/jakarta.annotation-api-2.1.1.jar:/home/theshepsmt/.m2/repository/org/slf4j/slf4j-api/2.0.13/slf4j-api-2.0.13.jar:/home/theshepsmt/.m2/repository/org/springframework/spring-aspects/6.0.19/spring-aspects-6.0.19.jar:/home/theshepsmt/.m2/repository/org/springframework/boot/spring-boot-starter-web/3.1.11/spring-boot-starter-web-3.1.11.jar:/home/theshepsmt/.m2/repository/org/springframework/boot/spring-boot-starter/3.1.11/spring-boot-starter-3.1.11.jar:/home/theshepsmt/.m2/repository/org/springframework/boot/spring-boot-starter-logging/3.1.11/spring-boot-starter-logging-3.1.11.jar:/home/theshepsmt/.m2/repository/ch/qos/logback/logback-classic/1.4.14/logback-classic-1.4.14.jar:/home/theshepsmt/.m2/repository/ch/qos/logback/logback-core/1.4.14/logback-core-1.4.14.jar:/home/theshepsmt/.m2/repository/org/apache/logging/log4j/log4j-to-slf4j/2.20.0/log4j-to-slf4j-2.20.0.jar:/home/theshepsmt/.m2/repository/org/apache/logging/log4j/log4j-api/2.20.0/log4j-api-2.20.0.jar:/home/theshepsmt/.m2/repository/org/slf4j/jul-to-slf4j/2.0.13/jul-to-slf4j-2.0.13.jar:/home/theshepsmt/.m2/repository/org/yaml/snakeyaml/1.33/snakeyaml-1.33.jar:/home/theshepsmt/.m2/repository/org/springframework/boot/spring-boot-starter-json/3.1.11/spring-boot-starter-json-3.1.11.jar:/home/theshepsmt/.m2/repository/com/fasterxml/jackson/core/jackson-databind/2.15.4/jackson-databind-2.15.4.jar:/home/theshepsmt/.m2/repository/com/fasterxml/jackson/core/jackson-core/2.15.4/jackson-core-2.15.4.jar:/home/theshepsmt/.m2/repository/com/fasterxml/jackson/datatype/jackson-datatype-jdk8/2.15.4/jackson-datatype-jdk8-2.15.4.jar:/home/theshepsmt/.m2/repository/com/fasterxml/jackson/datatype/jackson-datatype-jsr310/2.15.4/jackson-datatype-jsr310-2.15.4.jar:/home/theshepsmt/.m2/repository/com/fasterxml/jackson/module/jackson-module-parameter-names/2.15.4/jackson-module-parameter-names-2.15.4.jar:/home/theshepsmt/.m2/repository/org/springframework/boot/spring-boot-starter-tomcat/3.1.11/spring-boot-starter-tomcat-3.1.11.jar:/home/theshepsmt/.m2/repository/org/apache/tomcat/embed/tomcat-embed-core/10.1.20/tomcat-embed-core-10.1.20.jar:/home/theshepsmt/.m2/repository/org/apache/tomcat/embed/tomcat-embed-el/10.1.20/tomcat-embed-el-10.1.20.jar:/home/theshepsmt/.m2/repository/org/apache/tomcat/embed/tomcat-embed-websocket/10.1.20/tomcat-embed-websocket-10.1.20.jar:/home/theshepsmt/.m2/repository/org/springframework/spring-web/6.0.19/spring-web-6.0.19.jar:/home/theshepsmt/.m2/repository/io/micrometer/micrometer-observation/1.11.11/micrometer-observation-1.11.11.jar:/home/theshepsmt/.m2/repository/io/micrometer/micrometer-commons/1.11.11/micrometer-commons-1.11.11.jar:/home/theshepsmt/.m2/repository/org/springframework/spring-webmvc/6.0.19/spring-webmvc-6.0.19.jar:/home/theshepsmt/.m2/repository/org/springframework/spring-expression/6.0.19/spring-expression-6.0.19.jar:/home/theshepsmt/.m2/repository/org/springframework/boot/spring-boot-starter-data-rest/3.1.11/spring-boot-starter-data-rest-3.1.11.jar:/home/theshepsmt/.m2/repository/org/springframework/data/spring-data-rest-webmvc/4.1.11/spring-data-rest-webmvc-4.1.11.jar:/home/theshepsmt/.m2/repository/org/springframework/data/spring-data-rest-core/4.1.11/spring-data-rest-core-4.1.11.jar:/home/theshepsmt/.m2/repository/org/springframework/hateoas/spring-hateoas/2.1.5/spring-hateoas-2.1.5.jar:/home/theshepsmt/.m2/repository/org/springframework/plugin/spring-plugin-core/3.0.0/spring-plugin-core-3.0.0.jar:/home/theshepsmt/.m2/repository/org/atteo/evo-inflector/1.3/evo-inflector-1.3.jar:/home/theshepsmt/.m2/repository/com/fasterxml/jackson/core/jackson-annotations/2.15.4/jackson-annotations-2.15.4.jar:/home/theshepsmt/.m2/repository/com/mysql/mysql-connector-j/8.0.33/mysql-connector-j-8.0.33.jar:/home/theshepsmt/.m2/repository/org/springframework/boot/spring-boot-starter-test/3.1.11/spring-boot-starter-test-3.1.11.jar:/home/theshepsmt/.m2/repository/org/springframework/boot/spring-boot-test/3.1.11/spring-boot-test-3.1.11.jar:/home/theshepsmt/.m2/repository/org/springframework/boot/spring-boot-test-autoconfigure/3.1.11/spring-boot-test-autoconfigure-3.1.11.jar:/home/theshepsmt/.m2/repository/com/jayway/jsonpath/json-path/2.9.0/json-path-2.9.0.jar:/home/theshepsmt/.m2/repository/jakarta/xml/bind/jakarta.xml.bind-api/4.0.2/jakarta.xml.bind-api-4.0.2.jar:/home/theshepsmt/.m2/repository/jakarta/activation/jakarta.activation-api/2.1.3/jakarta.activation-api-2.1.3.jar:/home/theshepsmt/.m2/repository/net/minidev/json-smart/2.4.11/json-smart-2.4.11.jar:/home/theshepsmt/.m2/repository/net/minidev/accessors-smart/2.4.11/accessors-smart-2.4.11.jar:/home/theshepsmt/.m2/repository/org/ow2/asm/asm/9.3/asm-9.3.jar:/home/theshepsmt/.m2/repository/org/assertj/assertj-core/3.24.2/assertj-core-3.24.2.jar:/home/theshepsmt/.m2/repository/org/hamcrest/hamcrest/2.2/hamcrest-2.2.jar:/home/theshepsmt/.m2/repository/org/junit/jupiter/junit-jupiter/5.9.3/junit-jupiter-5.9.3.jar:/home/theshepsmt/.m2/repository/org/junit/jupiter/junit-jupiter-api/5.9.3/junit-jupiter-api-5.9.3.jar:/home/theshepsmt/.m2/repository/org/opentest4j/opentest4j/1.2.0/opentest4j-1.2.0.jar:/home/theshepsmt/.m2/repository/org/junit/platform/junit-platform-commons/1.9.3/junit-platform-commons-1.9.3.jar:/home/theshepsmt/.m2/repository/org/apiguardian/apiguardian-api/1.1.2/apiguardian-api-1.1.2.jar:/home/theshepsmt/.m2/repository/org/junit/jupiter/junit-jupiter-params/5.9.3/junit-jupiter-params-5.9.3.jar:/home/theshepsmt/.m2/repository/org/junit/jupiter/junit-jupiter-engine/5.9.3/junit-jupiter-engine-5.9.3.jar:/home/theshepsmt/.m2/repository/org/junit/platform/junit-platform-engine/1.9.3/junit-platform-engine-1.9.3.jar:/home/theshepsmt/.m2/repository/org/mockito/mockito-core/5.3.1/mockito-core-5.3.1.jar:/home/theshepsmt/.m2/repository/net/bytebuddy/byte-buddy-agent/1.14.13/byte-buddy-agent-1.14.13.jar:/home/theshepsmt/.m2/repository/org/objenesis/objenesis/3.3/objenesis-3.3.jar:/home/theshepsmt/.m2/repository/org/mockito/mockito-junit-jupiter/5.3.1/mockito-junit-jupiter-5.3.1.jar:/home/theshepsmt/.m2/repository/org/skyscreamer/jsonassert/1.5.1/jsonassert-1.5.1.jar:/home/theshepsmt/.m2/repository/com/vaadin/external/google/android-json/0.0.20131108.vaadin1/android-json-0.0.20131108.vaadin1.jar:/home/theshepsmt/.m2/repository/org/springframework/spring-core/6.0.19/spring-core-6.0.19.jar:/home/theshepsmt/.m2/repository/org/springframework/spring-jcl/6.0.19/spring-jcl-6.0.19.jar:/home/theshepsmt/.m2/repository/org/springframework/spring-test/6.0.19/spring-test-6.0.19.jar:/home/theshepsmt/.m2/repository/org/xmlunit/xmlunit-core/2.9.1/xmlunit-core-2.9.1.jar:/home/theshepsmt/.m2/repository/org/springframework/boot/spring-boot-devtools/3.1.11/spring-boot-devtools-3.1.11.jar:/home/theshepsmt/.m2/repository/org/springframework/boot/spring-boot/3.1.11/spring-boot-3.1.11.jar:/home/theshepsmt/.m2/repository/org/springframework/boot/spring-boot-autoconfigure/3.1.11/spring-boot-autoconfigure-3.1.11.jar:/home/theshepsmt/.m2/repository/org/projectlombok/lombok/1.18.32/lombok-1.18.32.jar:/home/theshepsmt/.m2/repository/org/mapstruct/mapstruct/1.5.5.Final/mapstruct-1.5.5.Final.jar:/home/theshepsmt/.m2/repository/io/rest-assured/spring-mock-mvc/5.3.2/spring-mock-mvc-5.3.2.jar:/home/theshepsmt/.m2/repository/io/rest-assured/rest-assured/5.3.2/rest-assured-5.3.2.jar:/home/theshepsmt/.m2/repository/org/apache/groovy/groovy/4.0.21/groovy-4.0.21.jar:/home/theshepsmt/.m2/repository/org/apache/groovy/groovy-xml/4.0.21/groovy-xml-4.0.21.jar:/home/theshepsmt/.m2/repository/org/apache/httpcomponents/httpclient/4.5.13/httpclient-4.5.13.jar:/home/theshepsmt/.m2/repository/org/apache/httpcomponents/httpcore/4.4.16/httpcore-4.4.16.jar:/home/theshepsmt/.m2/repository/commons-codec/commons-codec/1.15/commons-codec-1.15.jar:/home/theshepsmt/.m2/repository/org/apache/httpcomponents/httpmime/4.5.13/httpmime-4.5.13.jar:/home/theshepsmt/.m2/repository/org/ccil/cowan/tagsoup/tagsoup/1.2.1/tagsoup-1.2.1.jar:/home/theshepsmt/.m2/repository/io/rest-assured/json-path/5.3.2/json-path-5.3.2.jar:/home/theshepsmt/.m2/repository/org/apache/groovy/groovy-json/4.0.21/groovy-json-4.0.21.jar:/home/theshepsmt/.m2/repository/io/rest-assured/rest-assured-common/5.3.2/rest-assured-common-5.3.2.jar:/home/theshepsmt/.m2/repository/io/rest-assured/xml-path/5.3.2/xml-path-5.3.2.jar:/home/theshepsmt/.m2/repository/org/apache/commons/commons-lang3/3.12.0/commons-lang3-3.12.0.jar:/home/theshepsmt/.m2/repository/io/rest-assured/spring-commons/5.3.2/spring-commons-5.3.2.jar:/home/theshepsmt/.m2/repository/com/h2database/h2/2.1.214/h2-2.1.214.jar:"/>
    <property name="java.vm.vendor" value="Oracle Corporation"/>
    <property name="sun.arch.data.model" value="64"/>
    <property name="java.vendor.url" value="https://java.oracle.com/"/>
    <property name="user.timezone" value="America/Lima"/>
    <property name="org.jboss.logging.provider" value="slf4j"/>
    <property name="os.name" value="Linux"/>
    <property name="java.vm.specification.version" value="22"/>
    <property name="user.country" value="PE"/>
    <property name="sun.java.launcher" value="SUN_STANDARD"/>
    <property name="sun.boot.library.path" value="/home/theshepsmt/.jdks/openjdk-22.0.2/lib"/>
    <property name="sun.java.command" value="/home/theshepsmt/Projects/petclinic_load_test/target/surefire/surefirebooter-20241204155736001_3.jar /home/theshepsmt/Projects/petclinic_load_test/target/surefire 2024-12-04T15-57-35_352-jvmRun1 surefire-20241204155736001_1tmp surefire_0-20241204155736001_2tmp"/>
    <property name="jdk.debug" value="release"/>
    <property name="surefire.test.class.path" value="/home/theshepsmt/Projects/petclinic_load_test/target/test-classes:/home/theshepsmt/Projects/petclinic_load_test/target/classes:/home/theshepsmt/.m2/repository/org/springframework/boot/spring-boot-starter-data-jpa/3.1.11/spring-boot-starter-data-jpa-3.1.11.jar:/home/theshepsmt/.m2/repository/org/springframework/boot/spring-boot-starter-aop/3.1.11/spring-boot-starter-aop-3.1.11.jar:/home/theshepsmt/.m2/repository/org/springframework/spring-aop/6.0.19/spring-aop-6.0.19.jar:/home/theshepsmt/.m2/repository/org/aspectj/aspectjweaver/1.9.22/aspectjweaver-1.9.22.jar:/home/theshepsmt/.m2/repository/org/springframework/boot/spring-boot-starter-jdbc/3.1.11/spring-boot-starter-jdbc-3.1.11.jar:/home/theshepsmt/.m2/repository/com/zaxxer/HikariCP/5.0.1/HikariCP-5.0.1.jar:/home/theshepsmt/.m2/repository/org/springframework/spring-jdbc/6.0.19/spring-jdbc-6.0.19.jar:/home/theshepsmt/.m2/repository/org/hibernate/orm/hibernate-core/6.2.24.Final/hibernate-core-6.2.24.Final.jar:/home/theshepsmt/.m2/repository/jakarta/persistence/jakarta.persistence-api/3.1.0/jakarta.persistence-api-3.1.0.jar:/home/theshepsmt/.m2/repository/jakarta/transaction/jakarta.transaction-api/2.0.1/jakarta.transaction-api-2.0.1.jar:/home/theshepsmt/.m2/repository/org/jboss/logging/jboss-logging/3.5.3.Final/jboss-logging-3.5.3.Final.jar:/home/theshepsmt/.m2/repository/org/hibernate/common/hibernate-commons-annotations/6.0.6.Final/hibernate-commons-annotations-6.0.6.Final.jar:/home/theshepsmt/.m2/repository/io/smallrye/jandex/3.0.5/jandex-3.0.5.jar:/home/theshepsmt/.m2/repository/com/fasterxml/classmate/1.5.1/classmate-1.5.1.jar:/home/theshepsmt/.m2/repository/net/bytebuddy/byte-buddy/1.14.13/byte-buddy-1.14.13.jar:/home/theshepsmt/.m2/repository/org/glassfish/jaxb/jaxb-runtime/4.0.5/jaxb-runtime-4.0.5.jar:/home/theshepsmt/.m2/repository/org/glassfish/jaxb/jaxb-core/4.0.5/jaxb-core-4.0.5.jar:/home/theshepsmt/.m2/repository/org/eclipse/angus/angus-activation/2.0.2/angus-activation-2.0.2.jar:/home/theshepsmt/.m2/repository/org/glassfish/jaxb/txw2/4.0.5/txw2-4.0.5.jar:/home/theshepsmt/.m2/repository/com/sun/istack/istack-commons-runtime/4.1.2/istack-commons-runtime-4.1.2.jar:/home/theshepsmt/.m2/repository/jakarta/inject/jakarta.inject-api/2.0.1/jakarta.inject-api-2.0.1.jar:/home/theshepsmt/.m2/repository/org/antlr/antlr4-runtime/4.10.1/antlr4-runtime-4.10.1.jar:/home/theshepsmt/.m2/repository/org/springframework/data/spring-data-jpa/3.1.11/spring-data-jpa-3.1.11.jar:/home/theshepsmt/.m2/repository/org/springframework/data/spring-data-commons/3.1.11/spring-data-commons-3.1.11.jar:/home/theshepsmt/.m2/repository/org/springframework/spring-orm/6.0.19/spring-orm-6.0.19.jar:/home/theshepsmt/.m2/repository/org/springframework/spring-context/6.0.19/spring-context-6.0.19.jar:/home/theshepsmt/.m2/repository/org/springframework/spring-tx/6.0.19/spring-tx-6.0.19.jar:/home/theshepsmt/.m2/repository/org/springframework/spring-beans/6.0.19/spring-beans-6.0.19.jar:/home/theshepsmt/.m2/repository/jakarta/annotation/jakarta.annotation-api/2.1.1/jakarta.annotation-api-2.1.1.jar:/home/theshepsmt/.m2/repository/org/slf4j/slf4j-api/2.0.13/slf4j-api-2.0.13.jar:/home/theshepsmt/.m2/repository/org/springframework/spring-aspects/6.0.19/spring-aspects-6.0.19.jar:/home/theshepsmt/.m2/repository/org/springframework/boot/spring-boot-starter-web/3.1.11/spring-boot-starter-web-3.1.11.jar:/home/theshepsmt/.m2/repository/org/springframework/boot/spring-boot-starter/3.1.11/spring-boot-starter-3.1.11.jar:/home/theshepsmt/.m2/repository/org/springframework/boot/spring-boot-starter-logging/3.1.11/spring-boot-starter-logging-3.1.11.jar:/home/theshepsmt/.m2/repository/ch/qos/logback/logback-classic/1.4.14/logback-classic-1.4.14.jar:/home/theshepsmt/.m2/repository/ch/qos/logback/logback-core/1.4.14/logback-core-1.4.14.jar:/home/theshepsmt/.m2/repository/org/apache/logging/log4j/log4j-to-slf4j/2.20.0/log4j-to-slf4j-2.20.0.jar:/home/theshepsmt/.m2/repository/org/apache/logging/log4j/log4j-api/2.20.0/log4j-api-2.20.0.jar:/home/theshepsmt/.m2/repository/org/slf4j/jul-to-slf4j/2.0.13/jul-to-slf4j-2.0.13.jar:/home/theshepsmt/.m2/repository/org/yaml/snakeyaml/1.33/snakeyaml-1.33.jar:/home/theshepsmt/.m2/repository/org/springframework/boot/spring-boot-starter-json/3.1.11/spring-boot-starter-json-3.1.11.jar:/home/theshepsmt/.m2/repository/com/fasterxml/jackson/core/jackson-databind/2.15.4/jackson-databind-2.15.4.jar:/home/theshepsmt/.m2/repository/com/fasterxml/jackson/core/jackson-core/2.15.4/jackson-core-2.15.4.jar:/home/theshepsmt/.m2/repository/com/fasterxml/jackson/datatype/jackson-datatype-jdk8/2.15.4/jackson-datatype-jdk8-2.15.4.jar:/home/theshepsmt/.m2/repository/com/fasterxml/jackson/datatype/jackson-datatype-jsr310/2.15.4/jackson-datatype-jsr310-2.15.4.jar:/home/theshepsmt/.m2/repository/com/fasterxml/jackson/module/jackson-module-parameter-names/2.15.4/jackson-module-parameter-names-2.15.4.jar:/home/theshepsmt/.m2/repository/org/springframework/boot/spring-boot-starter-tomcat/3.1.11/spring-boot-starter-tomcat-3.1.11.jar:/home/theshepsmt/.m2/repository/org/apache/tomcat/embed/tomcat-embed-core/10.1.20/tomcat-embed-core-10.1.20.jar:/home/theshepsmt/.m2/repository/org/apache/tomcat/embed/tomcat-embed-el/10.1.20/tomcat-embed-el-10.1.20.jar:/home/theshepsmt/.m2/repository/org/apache/tomcat/embed/tomcat-embed-websocket/10.1.20/tomcat-embed-websocket-10.1.20.jar:/home/theshepsmt/.m2/repository/org/springframework/spring-web/6.0.19/spring-web-6.0.19.jar:/home/theshepsmt/.m2/repository/io/micrometer/micrometer-observation/1.11.11/micrometer-observation-1.11.11.jar:/home/theshepsmt/.m2/repository/io/micrometer/micrometer-commons/1.11.11/micrometer-commons-1.11.11.jar:/home/theshepsmt/.m2/repository/org/springframework/spring-webmvc/6.0.19/spring-webmvc-6.0.19.jar:/home/theshepsmt/.m2/repository/org/springframework/spring-expression/6.0.19/spring-expression-6.0.19.jar:/home/theshepsmt/.m2/repository/org/springframework/boot/spring-boot-starter-data-rest/3.1.11/spring-boot-starter-data-rest-3.1.11.jar:/home/theshepsmt/.m2/repository/org/springframework/data/spring-data-rest-webmvc/4.1.11/spring-data-rest-webmvc-4.1.11.jar:/home/theshepsmt/.m2/repository/org/springframework/data/spring-data-rest-core/4.1.11/spring-data-rest-core-4.1.11.jar:/home/theshepsmt/.m2/repository/org/springframework/hateoas/spring-hateoas/2.1.5/spring-hateoas-2.1.5.jar:/home/theshepsmt/.m2/repository/org/springframework/plugin/spring-plugin-core/3.0.0/spring-plugin-core-3.0.0.jar:/home/theshepsmt/.m2/repository/org/atteo/evo-inflector/1.3/evo-inflector-1.3.jar:/home/theshepsmt/.m2/repository/com/fasterxml/jackson/core/jackson-annotations/2.15.4/jackson-annotations-2.15.4.jar:/home/theshepsmt/.m2/repository/com/mysql/mysql-connector-j/8.0.33/mysql-connector-j-8.0.33.jar:/home/theshepsmt/.m2/repository/org/springframework/boot/spring-boot-starter-test/3.1.11/spring-boot-starter-test-3.1.11.jar:/home/theshepsmt/.m2/repository/org/springframework/boot/spring-boot-test/3.1.11/spring-boot-test-3.1.11.jar:/home/theshepsmt/.m2/repository/org/springframework/boot/spring-boot-test-autoconfigure/3.1.11/spring-boot-test-autoconfigure-3.1.11.jar:/home/theshepsmt/.m2/repository/com/jayway/jsonpath/json-path/2.9.0/json-path-2.9.0.jar:/home/theshepsmt/.m2/repository/jakarta/xml/bind/jakarta.xml.bind-api/4.0.2/jakarta.xml.bind-api-4.0.2.jar:/home/theshepsmt/.m2/repository/jakarta/activation/jakarta.activation-api/2.1.3/jakarta.activation-api-2.1.3.jar:/home/theshepsmt/.m2/repository/net/minidev/json-smart/2.4.11/json-smart-2.4.11.jar:/home/theshepsmt/.m2/repository/net/minidev/accessors-smart/2.4.11/accessors-smart-2.4.11.jar:/home/theshepsmt/.m2/repository/org/ow2/asm/asm/9.3/asm-9.3.jar:/home/theshepsmt/.m2/repository/org/assertj/assertj-core/3.24.2/assertj-core-3.24.2.jar:/home/theshepsmt/.m2/repository/org/hamcrest/hamcrest/2.2/hamcrest-2.2.jar:/home/theshepsmt/.m2/repository/org/junit/jupiter/junit-jupiter/5.9.3/junit-jupiter-5.9.3.jar:/home/theshepsmt/.m2/repository/org/junit/jupiter/junit-jupiter-api/5.9.3/junit-jupiter-api-5.9.3.jar:/home/theshepsmt/.m2/repository/org/opentest4j/opentest4j/1.2.0/opentest4j-1.2.0.jar:/home/theshepsmt/.m2/repository/org/junit/platform/junit-platform-commons/1.9.3/junit-platform-commons-1.9.3.jar:/home/theshepsmt/.m2/repository/org/apiguardian/apiguardian-api/1.1.2/apiguardian-api-1.1.2.jar:/home/theshepsmt/.m2/repository/org/junit/jupiter/junit-jupiter-params/5.9.3/junit-jupiter-params-5.9.3.jar:/home/theshepsmt/.m2/repository/org/junit/jupiter/junit-jupiter-engine/5.9.3/junit-jupiter-engine-5.9.3.jar:/home/theshepsmt/.m2/repository/org/junit/platform/junit-platform-engine/1.9.3/junit-platform-engine-1.9.3.jar:/home/theshepsmt/.m2/repository/org/mockito/mockito-core/5.3.1/mockito-core-5.3.1.jar:/home/theshepsmt/.m2/repository/net/bytebuddy/byte-buddy-agent/1.14.13/byte-buddy-agent-1.14.13.jar:/home/theshepsmt/.m2/repository/org/objenesis/objenesis/3.3/objenesis-3.3.jar:/home/theshepsmt/.m2/repository/org/mockito/mockito-junit-jupiter/5.3.1/mockito-junit-jupiter-5.3.1.jar:/home/theshepsmt/.m2/repository/org/skyscreamer/jsonassert/1.5.1/jsonassert-1.5.1.jar:/home/theshepsmt/.m2/repository/com/vaadin/external/google/android-json/0.0.20131108.vaadin1/android-json-0.0.20131108.vaadin1.jar:/home/theshepsmt/.m2/repository/org/springframework/spring-core/6.0.19/spring-core-6.0.19.jar:/home/theshepsmt/.m2/repository/org/springframework/spring-jcl/6.0.19/spring-jcl-6.0.19.jar:/home/theshepsmt/.m2/repository/org/springframework/spring-test/6.0.19/spring-test-6.0.19.jar:/home/theshepsmt/.m2/repository/org/xmlunit/xmlunit-core/2.9.1/xmlunit-core-2.9.1.jar:/home/theshepsmt/.m2/repository/org/springframework/boot/spring-boot-devtools/3.1.11/spring-boot-devtools-3.1.11.jar:/home/theshepsmt/.m2/repository/org/springframework/boot/spring-boot/3.1.11/spring-boot-3.1.11.jar:/home/theshepsmt/.m2/repository/org/springframework/boot/spring-boot-autoconfigure/3.1.11/spring-boot-autoconfigure-3.1.11.jar:/home/theshepsmt/.m2/repository/org/projectlombok/lombok/1.18.32/lombok-1.18.32.jar:/home/theshepsmt/.m2/repository/org/mapstruct/mapstruct/1.5.5.Final/mapstruct-1.5.5.Final.jar:/home/theshepsmt/.m2/repository/io/rest-assured/spring-mock-mvc/5.3.2/spring-mock-mvc-5.3.2.jar:/home/theshepsmt/.m2/repository/io/rest-assured/rest-assured/5.3.2/rest-assured-5.3.2.jar:/home/theshepsmt/.m2/repository/org/apache/groovy/groovy/4.0.21/groovy-4.0.21.jar:/home/theshepsmt/.m2/repository/org/apache/groovy/groovy-xml/4.0.21/groovy-xml-4.0.21.jar:/home/theshepsmt/.m2/repository/org/apache/httpcomponents/httpclient/4.5.13/httpclient-4.5.13.jar:/home/theshepsmt/.m2/repository/org/apache/httpcomponents/httpcore/4.4.16/httpcore-4.4.16.jar:/home/theshepsmt/.m2/repository/commons-codec/commons-codec/1.15/commons-codec-1.15.jar:/home/theshepsmt/.m2/repository/org/apache/httpcomponents/httpmime/4.5.13/httpmime-4.5.13.jar:/home/theshepsmt/.m2/repository/org/ccil/cowan/tagsoup/tagsoup/1.2.1/tagsoup-1.2.1.jar:/home/theshepsmt/.m2/repository/io/rest-assured/json-path/5.3.2/json-path-5.3.2.jar:/home/theshepsmt/.m2/repository/org/apache/groovy/groovy-json/4.0.21/groovy-json-4.0.21.jar:/home/theshepsmt/.m2/repository/io/rest-assured/rest-assured-common/5.3.2/rest-assured-common-5.3.2.jar:/home/theshepsmt/.m2/repository/io/rest-assured/xml-path/5.3.2/xml-path-5.3.2.jar:/home/theshepsmt/.m2/repository/org/apache/commons/commons-lang3/3.12.0/commons-lang3-3.12.0.jar:/home/theshepsmt/.m2/repository/io/rest-assured/spring-commons/5.3.2/spring-commons-5.3.2.jar:/home/theshepsmt/.m2/repository/com/h2database/h2/2.1.214/h2-2.1.214.jar:"/>
    <property name="sun.cpu.endian" value="little"/>
    <property name="user.home" value="/home/theshepsmt"/>
    <property name="user.language" value="es"/>
    <property name="java.specification.vendor" value="Oracle Corporation"/>
    <property name="java.version.date" value="2024-07-16"/>
    <property name="java.home" value="/home/theshepsmt/.jdks/openjdk-22.0.2"/>
    <property name="file.separator" value="/"/>
    <property name="basedir" value="/home/theshepsmt/Projects/petclinic_load_test"/>
    <property name="java.vm.compressedOopsMode" value="Zero based"/>
    <property name="line.separator" value="&#10;"/>
    <property name="java.vm.specification.vendor" value="Oracle Corporation"/>
    <property name="java.specification.name" value="Java Platform API Specification"/>
    <property name="FILE_LOG_CHARSET" value="UTF-8"/>
    <property name="java.awt.headless" value="true"/>
    <property name="surefire.real.class.path" value="/home/theshepsmt/Projects/petclinic_load_test/target/surefire/surefirebooter-20241204155736001_3.jar"/>
    <property name="sun.management.compiler" value="HotSpot 64-Bit Tiered Compilers"/>
    <property name="java.runtime.version" value="22.0.2+9-70"/>
    <property name="user.name" value="theshepsmt"/>
    <property name="stdout.encoding" value="UTF-8"/>
    <property name="path.separator" value=":"/>
    <property name="os.version" value="6.11.8-200.fc40.x86_64"/>
    <property name="java.runtime.name" value="OpenJDK Runtime Environment"/>
    <property name="file.encoding" value="UTF-8"/>
    <property name="java.vm.name" value="OpenJDK 64-Bit Server VM"/>
    <property name="LOG_FILE" value="/home/ubuntu/logs/application.log"/>
    <property name="localRepository" value="/home/theshepsmt/.m2/repository"/>
    <property name="java.vendor.url.bug" value="https://bugreport.java.com/bugreport/"/>
    <property name="java.io.tmpdir" value="/tmp"/>
    <property name="idea.version" value="2024.3"/>
    <property name="com.zaxxer.hikari.pool_number" value="2"/>
    <property name="java.version" value="22.0.2"/>
    <property name="user.dir" value="/home/theshepsmt/Projects/petclinic_load_test"/>
    <property name="os.arch" value="amd64"/>
    <property name="java.vm.specification.name" value="Java Virtual Machine Specification"/>
    <property name="PID" value="200517"/>
    <property name="CONSOLE_LOG_CHARSET" value="UTF-8"/>
    <property name="native.encoding" value="UTF-8"/>
    <property name="java.library.path" value="/usr/java/packages/lib:/usr/lib64:/lib64:/lib:/usr/lib"/>
    <property name="java.vm.info" value="mixed mode, sharing"/>
    <property name="stderr.encoding" value="UTF-8"/>
    <property name="java.vendor" value="Oracle Corporation"/>
    <property name="java.vm.version" value="22.0.2+9-70"/>
    <property name="sun.io.unicode.encoding" value="UnicodeLittle"/>
    <property name="java.class.version" value="66.0"/>
  </properties>
  <testcase name="testFindAllPets" classname="com.tecsup.petclinic.webs.PetControllerMockitoTest" time="0.11">
    <system-out><![CDATA[&amp#27;[2m2024-12-04T15:57:43.618-05:00&amp#27;[0;39m &amp#27;[32m INFO&amp#27;[0;39m &amp#27;[35m200517&amp#27;[0;39m &amp#27;[2m---&amp#27;[0;39m &amp#27;[2m[           main]&amp#27;[0;39m &amp#27;[36mt.c.s.AnnotationConfigContextLoaderUtils&amp#27;[0;39m &amp#27;[2m:&amp#27;[0;39m Could not detect default configuration classes for test class [com.tecsup.petclinic.webs.PetControllerMockitoTest]: PetControllerMockitoTest does not declare any static, non-private, non-final, nested classes annotated with @Configuration.
&amp#27;[2m2024-12-04T15:57:43.621-05:00&amp#27;[0;39m &amp#27;[32m INFO&amp#27;[0;39m &amp#27;[35m200517&amp#27;[0;39m &amp#27;[2m---&amp#27;[0;39m &amp#27;[2m[           main]&amp#27;[0;39m &amp#27;[36m.b.t.c.SpringBootTestContextBootstrapper&amp#27;[0;39m &amp#27;[2m:&amp#27;[0;39m Found @SpringBootConfiguration com.tecsup.petclinic.PetClinicApplication for test class com.tecsup.petclinic.webs.PetControllerMockitoTest
&amp#27;[2m2024-12-04T15:57:43.625-05:00&amp#27;[0;39m &amp#27;[32m INFO&amp#27;[0;39m &amp#27;[35m200517&amp#27;[0;39m &amp#27;[2m---&amp#27;[0;39m &amp#27;[2m[           main]&amp#27;[0;39m &amp#27;[36mo.s.b.d.r.RestartApplicationListener    &amp#27;[0;39m &amp#27;[2m:&amp#27;[0;39m Restart disabled due to context in which it is running

  .   ____          _            __ _ _
 /\\ / ___'_ __ _ _(_)_ __  __ _ \ \ \ \
( ( )\___ | '_ | '_| | '_ \/ _` | \ \ \ \
 \\/  ___)| |_)| | | | | || (_| |  ) ) ) )
  '  |____| .__|_| |_|_| |_\__, | / / / /
 =========|_|==============|___/=/_/_/_/
&amp#27;[32m :: Spring Boot :: &amp#27;[39m             &amp#27;[2m (v3.1.11)&amp#27;[0;39m

&amp#27;[2m2024-12-04T15:57:43.651-05:00&amp#27;[0;39m &amp#27;[32m INFO&amp#27;[0;39m &amp#27;[35m200517&amp#27;[0;39m &amp#27;[2m---&amp#27;[0;39m &amp#27;[2m[           main]&amp#27;[0;39m &amp#27;[36mc.t.p.webs.PetControllerMockitoTest     &amp#27;[0;39m &amp#27;[2m:&amp#27;[0;39m Starting PetControllerMockitoTest using Java 22.0.2 with PID 200517 (started by theshepsmt in /home/theshepsmt/Projects/petclinic_load_test)
&amp#27;[2m2024-12-04T15:57:43.652-05:00&amp#27;[0;39m &amp#27;[32m INFO&amp#27;[0;39m &amp#27;[35m200517&amp#27;[0;39m &amp#27;[2m---&amp#27;[0;39m &amp#27;[2m[           main]&amp#27;[0;39m &amp#27;[36mc.t.p.webs.PetControllerMockitoTest     &amp#27;[0;39m &amp#27;[2m:&amp#27;[0;39m The following 1 profile is active: "local"
&amp#27;[2m2024-12-04T15:57:43.763-05:00&amp#27;[0;39m &amp#27;[32m INFO&amp#27;[0;39m &amp#27;[35m200517&amp#27;[0;39m &amp#27;[2m---&amp#27;[0;39m &amp#27;[2m[           main]&amp#27;[0;39m &amp#27;[36m.s.d.r.c.RepositoryConfigurationDelegate&amp#27;[0;39m &amp#27;[2m:&amp#27;[0;39m Bootstrapping Spring Data JPA repositories in DEFAULT mode.
&amp#27;[2m2024-12-04T15:57:43.769-05:00&amp#27;[0;39m &amp#27;[32m INFO&amp#27;[0;39m &amp#27;[35m200517&amp#27;[0;39m &amp#27;[2m---&amp#27;[0;39m &amp#27;[2m[           main]&amp#27;[0;39m &amp#27;[36m.s.d.r.c.RepositoryConfigurationDelegate&amp#27;[0;39m &amp#27;[2m:&amp#27;[0;39m Finished Spring Data repository scanning in 6 ms. Found 1 JPA repository interface.
&amp#27;[2m2024-12-04T15:57:44.328-05:00&amp#27;[0;39m &amp#27;[32m INFO&amp#27;[0;39m &amp#27;[35m200517&amp#27;[0;39m &amp#27;[2m---&amp#27;[0;39m &amp#27;[2m[           main]&amp#27;[0;39m &amp#27;[36mcom.zaxxer.hikari.HikariDataSource      &amp#27;[0;39m &amp#27;[2m:&amp#27;[0;39m HikariPool-2 - Starting...
&amp#27;[2m2024-12-04T15:57:44.330-05:00&amp#27;[0;39m &amp#27;[32m INFO&amp#27;[0;39m &amp#27;[35m200517&amp#27;[0;39m &amp#27;[2m---&amp#27;[0;39m &amp#27;[2m[           main]&amp#27;[0;39m &amp#27;[36mcom.zaxxer.hikari.pool.HikariPool       &amp#27;[0;39m &amp#27;[2m:&amp#27;[0;39m HikariPool-2 - Added connection conn10: url=jdbc:h2:mem:testdb user=SA
&amp#27;[2m2024-12-04T15:57:44.331-05:00&amp#27;[0;39m &amp#27;[32m INFO&amp#27;[0;39m &amp#27;[35m200517&amp#27;[0;39m &amp#27;[2m---&amp#27;[0;39m &amp#27;[2m[           main]&amp#27;[0;39m &amp#27;[36mcom.zaxxer.hikari.HikariDataSource      &amp#27;[0;39m &amp#27;[2m:&amp#27;[0;39m HikariPool-2 - Start completed.
&amp#27;[2m2024-12-04T15:57:44.334-05:00&amp#27;[0;39m &amp#27;[32m INFO&amp#27;[0;39m &amp#27;[35m200517&amp#27;[0;39m &amp#27;[2m---&amp#27;[0;39m &amp#27;[2m[           main]&amp#27;[0;39m &amp#27;[36mo.hibernate.jpa.internal.util.LogHelper &amp#27;[0;39m &amp#27;[2m:&amp#27;[0;39m HHH000204: Processing PersistenceUnitInfo [name: default]
&amp#27;[2m2024-12-04T15:57:44.345-05:00&amp#27;[0;39m &amp#27;[32m INFO&amp#27;[0;39m &amp#27;[35m200517&amp#27;[0;39m &amp#27;[2m---&amp#27;[0;39m &amp#27;[2m[           main]&amp#27;[0;39m &amp#27;[36mo.s.o.j.p.SpringPersistenceUnitInfo     &amp#27;[0;39m &amp#27;[2m:&amp#27;[0;39m No LoadTimeWeaver setup: ignoring JPA class transformer
&amp#27;[2m2024-12-04T15:57:44.347-05:00&amp#27;[0;39m &amp#27;[33m WARN&amp#27;[0;39m &amp#27;[35m200517&amp#27;[0;39m &amp#27;[2m---&amp#27;[0;39m &amp#27;[2m[           main]&amp#27;[0;39m &amp#27;[36morg.hibernate.orm.deprecation           &amp#27;[0;39m &amp#27;[2m:&amp#27;[0;39m HHH90000025: H2Dialect does not need to be specified explicitly using 'hibernate.dialect' (remove the property setting and it will be selected by default)
&amp#27;[2m2024-12-04T15:57:44.391-05:00&amp#27;[0;39m &amp#27;[32m INFO&amp#27;[0;39m &amp#27;[35m200517&amp#27;[0;39m &amp#27;[2m---&amp#27;[0;39m &amp#27;[2m[           main]&amp#27;[0;39m &amp#27;[36mo.h.e.t.j.p.i.JtaPlatformInitiator      &amp#27;[0;39m &amp#27;[2m:&amp#27;[0;39m HHH000489: No JTA platform available (set 'hibernate.transaction.jta.platform' to enable JTA platform integration)
Hibernate: 
    drop table if exists pets cascade 
Hibernate: 
    create table pets (
        id integer generated by default as identity,
        owner_id integer,
        type_id integer,
        birth_date timestamp(6),
        name varchar(255),
        primary key (id)
    )
&amp#27;[2m2024-12-04T15:57:44.396-05:00&amp#27;[0;39m &amp#27;[32m INFO&amp#27;[0;39m &amp#27;[35m200517&amp#27;[0;39m &amp#27;[2m---&amp#27;[0;39m &amp#27;[2m[           main]&amp#27;[0;39m &amp#27;[36mj.LocalContainerEntityManagerFactoryBean&amp#27;[0;39m &amp#27;[2m:&amp#27;[0;39m Initialized JPA EntityManagerFactory for persistence unit 'default'
&amp#27;[2m2024-12-04T15:57:44.463-05:00&amp#27;[0;39m &amp#27;[33m WARN&amp#27;[0;39m &amp#27;[35m200517&amp#27;[0;39m &amp#27;[2m---&amp#27;[0;39m &amp#27;[2m[           main]&amp#27;[0;39m &amp#27;[36mJpaBaseConfiguration$JpaWebConfiguration&amp#27;[0;39m &amp#27;[2m:&amp#27;[0;39m spring.jpa.open-in-view is enabled by default. Therefore, database queries may be performed during view rendering. Explicitly configure spring.jpa.open-in-view to disable this warning
&amp#27;[2m2024-12-04T15:57:44.740-05:00&amp#27;[0;39m &amp#27;[32m INFO&amp#27;[0;39m &amp#27;[35m200517&amp#27;[0;39m &amp#27;[2m---&amp#27;[0;39m &amp#27;[2m[           main]&amp#27;[0;39m &amp#27;[36mo.s.b.a.h2.H2ConsoleAutoConfiguration   &amp#27;[0;39m &amp#27;[2m:&amp#27;[0;39m H2 console available at '/h2'. Database available at 'jdbc:h2:mem:testdb'
&amp#27;[2m2024-12-04T15:57:44.778-05:00&amp#27;[0;39m &amp#27;[32m INFO&amp#27;[0;39m &amp#27;[35m200517&amp#27;[0;39m &amp#27;[2m---&amp#27;[0;39m &amp#27;[2m[           main]&amp#27;[0;39m &amp#27;[36mo.s.b.t.m.w.SpringBootMockServletContext&amp#27;[0;39m &amp#27;[2m:&amp#27;[0;39m Initializing Spring TestDispatcherServlet ''
&amp#27;[2m2024-12-04T15:57:44.779-05:00&amp#27;[0;39m &amp#27;[32m INFO&amp#27;[0;39m &amp#27;[35m200517&amp#27;[0;39m &amp#27;[2m---&amp#27;[0;39m &amp#27;[2m[           main]&amp#27;[0;39m &amp#27;[36mo.s.t.web.servlet.TestDispatcherServlet &amp#27;[0;39m &amp#27;[2m:&amp#27;[0;39m Initializing Servlet ''
&amp#27;[2m2024-12-04T15:57:44.780-05:00&amp#27;[0;39m &amp#27;[32m INFO&amp#27;[0;39m &amp#27;[35m200517&amp#27;[0;39m &amp#27;[2m---&amp#27;[0;39m &amp#27;[2m[           main]&amp#27;[0;39m &amp#27;[36mo.s.t.web.servlet.TestDispatcherServlet &amp#27;[0;39m &amp#27;[2m:&amp#27;[0;39m Completed initialization in 1 ms
&amp#27;[2m2024-12-04T15:57:44.791-05:00&amp#27;[0;39m &amp#27;[32m INFO&amp#27;[0;39m &amp#27;[35m200517&amp#27;[0;39m &amp#27;[2m---&amp#27;[0;39m &amp#27;[2m[           main]&amp#27;[0;39m &amp#27;[36mc.t.p.webs.PetControllerMockitoTest     &amp#27;[0;39m &amp#27;[2m:&amp#27;[0;39m Started PetControllerMockitoTest in 1.166 seconds (process running for 8.739)
&amp#27;[2m2024-12-04T15:57:44.886-05:00&amp#27;[0;39m &amp#27;[32m INFO&amp#27;[0;39m &amp#27;[35m200517&amp#27;[0;39m &amp#27;[2m---&amp#27;[0;39m &amp#27;[2m[           main]&amp#27;[0;39m &amp#27;[36mc.tecsup.petclinic.webs.PetController   &amp#27;[0;39m &amp#27;[2m:&amp#27;[0;39m pets: [Pet(id=1, name=Leo, typeId=1, ownerId=1, birthDate=Thu Sep 07 00:00:00 PET 2000), Pet(id=2, name=Basil, typeId=6, ownerId=2, birthDate=Tue Aug 06 00:00:00 PET 2002), Pet(id=3, name=Rosy, typeId=2, ownerId=3, birthDate=Tue Apr 17 00:00:00 PET 2001), Pet(id=4, name=Jewel, typeId=2, ownerId=3, birthDate=Tue Mar 07 00:00:00 PET 2000), Pet(id=5, name=Iggy, typeId=3, ownerId=4, birthDate=Thu Nov 30 00:00:00 PET 2000)]
&amp#27;[2m2024-12-04T15:57:44.887-05:00&amp#27;[0;39m &amp#27;[32m INFO&amp#27;[0;39m &amp#27;[35m200517&amp#27;[0;39m &amp#27;[2m---&amp#27;[0;39m &amp#27;[2m[           main]&amp#27;[0;39m &amp#27;[36mc.tecsup.petclinic.webs.PetController   &amp#27;[0;39m &amp#27;[2m:&amp#27;[0;39m Pet >>  Pet(id=1, name=Leo, typeId=1, ownerId=1, birthDate=Thu Sep 07 00:00:00 PET 2000) 
&amp#27;[2m2024-12-04T15:57:44.887-05:00&amp#27;[0;39m &amp#27;[32m INFO&amp#27;[0;39m &amp#27;[35m200517&amp#27;[0;39m &amp#27;[2m---&amp#27;[0;39m &amp#27;[2m[           main]&amp#27;[0;39m &amp#27;[36mc.tecsup.petclinic.webs.PetController   &amp#27;[0;39m &amp#27;[2m:&amp#27;[0;39m Pet >>  Pet(id=2, name=Basil, typeId=6, ownerId=2, birthDate=Tue Aug 06 00:00:00 PET 2002) 
&amp#27;[2m2024-12-04T15:57:44.887-05:00&amp#27;[0;39m &amp#27;[32m INFO&amp#27;[0;39m &amp#27;[35m200517&amp#27;[0;39m &amp#27;[2m---&amp#27;[0;39m &amp#27;[2m[           main]&amp#27;[0;39m &amp#27;[36mc.tecsup.petclinic.webs.PetController   &amp#27;[0;39m &amp#27;[2m:&amp#27;[0;39m Pet >>  Pet(id=3, name=Rosy, typeId=2, ownerId=3, birthDate=Tue Apr 17 00:00:00 PET 2001) 
&amp#27;[2m2024-12-04T15:57:44.887-05:00&amp#27;[0;39m &amp#27;[32m INFO&amp#27;[0;39m &amp#27;[35m200517&amp#27;[0;39m &amp#27;[2m---&amp#27;[0;39m &amp#27;[2m[           main]&amp#27;[0;39m &amp#27;[36mc.tecsup.petclinic.webs.PetController   &amp#27;[0;39m &amp#27;[2m:&amp#27;[0;39m Pet >>  Pet(id=4, name=Jewel, typeId=2, ownerId=3, birthDate=Tue Mar 07 00:00:00 PET 2000) 
&amp#27;[2m2024-12-04T15:57:44.888-05:00&amp#27;[0;39m &amp#27;[32m INFO&amp#27;[0;39m &amp#27;[35m200517&amp#27;[0;39m &amp#27;[2m---&amp#27;[0;39m &amp#27;[2m[           main]&amp#27;[0;39m &amp#27;[36mc.tecsup.petclinic.webs.PetController   &amp#27;[0;39m &amp#27;[2m:&amp#27;[0;39m Pet >>  Pet(id=5, name=Iggy, typeId=3, ownerId=4, birthDate=Thu Nov 30 00:00:00 PET 2000) 
&amp#27;[2m2024-12-04T15:57:44.888-05:00&amp#27;[0;39m &amp#27;[32m INFO&amp#27;[0;39m &amp#27;[35m200517&amp#27;[0;39m &amp#27;[2m---&amp#27;[0;39m &amp#27;[2m[           main]&amp#27;[0;39m &amp#27;[36mc.tecsup.petclinic.webs.PetController   &amp#27;[0;39m &amp#27;[2m:&amp#27;[0;39m petsTO: [PetTO(id=1, name=Leo, typeId=1, ownerId=1, birthDate=2000-09-07), PetTO(id=2, name=Basil, typeId=6, ownerId=2, birthDate=2002-08-06), PetTO(id=3, name=Rosy, typeId=2, ownerId=3, birthDate=2001-04-17), PetTO(id=4, name=Jewel, typeId=2, ownerId=3, birthDate=2000-03-07), PetTO(id=5, name=Iggy, typeId=3, ownerId=4, birthDate=2000-11-30)]
&amp#27;[2m2024-12-04T15:57:44.889-05:00&amp#27;[0;39m &amp#27;[32m INFO&amp#27;[0;39m &amp#27;[35m200517&amp#27;[0;39m &amp#27;[2m---&amp#27;[0;39m &amp#27;[2m[           main]&amp#27;[0;39m &amp#27;[36mc.tecsup.petclinic.webs.PetController   &amp#27;[0;39m &amp#27;[2m:&amp#27;[0;39m PetTO >>  PetTO(id=1, name=Leo, typeId=1, ownerId=1, birthDate=2000-09-07) 
&amp#27;[2m2024-12-04T15:57:44.889-05:00&amp#27;[0;39m &amp#27;[32m INFO&amp#27;[0;39m &amp#27;[35m200517&amp#27;[0;39m &amp#27;[2m---&amp#27;[0;39m &amp#27;[2m[           main]&amp#27;[0;39m &amp#27;[36mc.tecsup.petclinic.webs.PetController   &amp#27;[0;39m &amp#27;[2m:&amp#27;[0;39m PetTO >>  PetTO(id=2, name=Basil, typeId=6, ownerId=2, birthDate=2002-08-06) 
&amp#27;[2m2024-12-04T15:57:44.889-05:00&amp#27;[0;39m &amp#27;[32m INFO&amp#27;[0;39m &amp#27;[35m200517&amp#27;[0;39m &amp#27;[2m---&amp#27;[0;39m &amp#27;[2m[           main]&amp#27;[0;39m &amp#27;[36mc.tecsup.petclinic.webs.PetController   &amp#27;[0;39m &amp#27;[2m:&amp#27;[0;39m PetTO >>  PetTO(id=3, name=Rosy, typeId=2, ownerId=3, birthDate=2001-04-17) 
&amp#27;[2m2024-12-04T15:57:44.889-05:00&amp#27;[0;39m &amp#27;[32m INFO&amp#27;[0;39m &amp#27;[35m200517&amp#27;[0;39m &amp#27;[2m---&amp#27;[0;39m &amp#27;[2m[           main]&amp#27;[0;39m &amp#27;[36mc.tecsup.petclinic.webs.PetController   &amp#27;[0;39m &amp#27;[2m:&amp#27;[0;39m PetTO >>  PetTO(id=4, name=Jewel, typeId=2, ownerId=3, birthDate=2000-03-07) 
&amp#27;[2m2024-12-04T15:57:44.889-05:00&amp#27;[0;39m &amp#27;[32m INFO&amp#27;[0;39m &amp#27;[35m200517&amp#27;[0;39m &amp#27;[2m---&amp#27;[0;39m &amp#27;[2m[           main]&amp#27;[0;39m &amp#27;[36mc.tecsup.petclinic.webs.PetController   &amp#27;[0;39m &amp#27;[2m:&amp#27;[0;39m PetTO >>  PetTO(id=5, name=Iggy, typeId=3, ownerId=4, birthDate=2000-11-30) 
]]></system-out>
  </testcase>
  <testcase name="testDeletePet" classname="com.tecsup.petclinic.webs.PetControllerMockitoTest" time="0.024">
    <system-out><![CDATA[
MockHttpServletRequest:
      HTTP Method = POST
      Request URI = /pets
       Parameters = {}
          Headers = [Content-Type:"application/json;charset=UTF-8", Content-Length:"80"]
             Body = {"id":10000,"name":"Beethoven3","typeId":1,"ownerId":1,"birthDate":"2020-05-20"}
    Session Attrs = {}

Handler:
             Type = com.tecsup.petclinic.webs.PetController
           Method = com.tecsup.petclinic.webs.PetController#create(PetTO)

Async:
    Async started = false
     Async result = null

Resolved Exception:
             Type = null

ModelAndView:
        View name = null
             View = null
            Model = null

FlashMap:
       Attributes = null

MockHttpServletResponse:
           Status = 201
    Error message = null
          Headers = [Content-Type:"application/json"]
     Content type = application/json
             Body = {"id":10000,"name":"Beethoven3","typeId":1,"ownerId":1,"birthDate":"2020-05-20"}
    Forwarded URL = null
   Redirected URL = null
          Cookies = []
]]></system-out>
  </testcase>
  <testcase name="testFindPetKO" classname="com.tecsup.petclinic.webs.PetControllerMockitoTest" time="0.011"/>
  <testcase name="testFindPetOK" classname="com.tecsup.petclinic.webs.PetControllerMockitoTest" time="0.009">
    <system-out><![CDATA[
MockHttpServletRequest:
      HTTP Method = GET
      Request URI = /pets/1
       Parameters = {}
          Headers = []
             Body = null
    Session Attrs = {}

Handler:
             Type = com.tecsup.petclinic.webs.PetController
           Method = com.tecsup.petclinic.webs.PetController#findById(Integer)

Async:
    Async started = false
     Async result = null

Resolved Exception:
             Type = null

ModelAndView:
        View name = null
             View = null
            Model = null

FlashMap:
       Attributes = null

MockHttpServletResponse:
           Status = 200
    Error message = null
          Headers = [Content-Type:"application/json"]
     Content type = application/json
             Body = {"id":1,"name":"Leo","typeId":1,"ownerId":1,"birthDate":"2000-09-07"}
    Forwarded URL = null
   Redirected URL = null
          Cookies = []
]]></system-out>
  </testcase>
  <testcase name="testCreatePet" classname="com.tecsup.petclinic.webs.PetControllerMockitoTest" time="0.012">
    <system-out><![CDATA[
MockHttpServletRequest:
      HTTP Method = POST
      Request URI = /pets
       Parameters = {}
          Headers = [Content-Type:"application/json;charset=UTF-8", Content-Length:"76"]
             Body = {"id":-1,"name":"Beethoven","typeId":1,"ownerId":1,"birthDate":"2020-05-20"}
    Session Attrs = {}

Handler:
             Type = com.tecsup.petclinic.webs.PetController
           Method = com.tecsup.petclinic.webs.PetController#create(PetTO)

Async:
    Async started = false
     Async result = null

Resolved Exception:
             Type = null

ModelAndView:
        View name = null
             View = null
            Model = null

FlashMap:
       Attributes = null

MockHttpServletResponse:
           Status = 201
    Error message = null
          Headers = [Content-Type:"application/json"]
     Content type = application/json
             Body = {"id":-1,"name":"Beethoven","typeId":1,"ownerId":1,"birthDate":"2020-05-20"}
    Forwarded URL = null
   Redirected URL = null
          Cookies = []
]]></system-out>
  </testcase>
</testsuite>